ShortVideoRecord/gradle-build/app/outputs/logs/manifest-merger-release-report.txt
-- Merging decision tree log ---
provider#android.support.v4.content.FileProvider
INJECTED from src\main\AndroidManifest.xml:100:9-108:20
	android:grantUriPermissions
		ADDED from src\main\AndroidManifest.xml:104:13-47
	android:authorities
		INJECTED from src\main\AndroidManifest.xml
		ADDED from src\main\AndroidManifest.xml:102:13-60
	android:exported
		ADDED from src\main\AndroidManifest.xml:103:13-37
	android:name
		ADDED from src\main\AndroidManifest.xml:101:13-67
manifest
ADDED from src\main\AndroidManifest.xml:2:1-111:12
INJECTED from src\main\AndroidManifest.xml:2:1-111:12
INJECTED from src\main\AndroidManifest.xml:2:1-111:12
INJECTED from src\main\AndroidManifest.xml:2:1-111:12
MERGED from [:AliyunRecorder:record_demo] AndroidManifest.xml:2:1-72:12
MERGED from [:AliyunEditor:editor_demo] AndroidManifest.xml:2:1-105:12
MERGED from [:AliyunImport:import_demo] AndroidManifest.xml:2:1-32:12
MERGED from [:AliyunCrop:crop_demo] AndroidManifest.xml:2:1-48:12
MERGED from [:AliyunFileDownLoader:downloadermanager] AndroidManifest.xml:2:1-25:12
MERGED from [:AliyunView] AndroidManifest.xml:2:1-16:12
MERGED from [:AliyunHelp] AndroidManifest.xml:2:1-29:12
MERGED from [:AliyunResample] AndroidManifest.xml:2:1-17:12
MERGED from [com.tencent.bugly:crashreport:2.8.6.0] AndroidManifest.xml:2:1-9:12
MERGED from [com.android.support.constraint:constraint-layout:1.1.2] AndroidManifest.xml:2:1-11:12
MERGED from [pub.devrel:easypermissions:0.2.1] AndroidManifest.xml:2:1-14:12
MERGED from [com.android.support:design:24.2.1] AndroidManifest.xml:17:1-24:12
MERGED from [com.android.support:appcompat-v7:26.1.0] AndroidManifest.xml:17:1-31:12
MERGED from [com.android.support:support-v4:26.1.0] AndroidManifest.xml:17:1-31:12
MERGED from [com.android.support:recyclerview-v7:26.1.0] AndroidManifest.xml:17:1-28:12
MERGED from [com.android.support:multidex:1.0.2] AndroidManifest.xml:17:1-22:12
MERGED from [com.aliyun.dpa:oss-android-sdk:2.4.5] AndroidManifest.xml:2:1-22:12
MERGED from [com.squareup.leakcanary:leakcanary-android:1.5] AndroidManifest.xml:17:1-59:12
MERGED from [:AliyunVideoSdk] AndroidManifest.xml:2:1-18:12
MERGED from [com.github.bumptech.glide:okhttp3-integration:1.4.0] AndroidManifest.xml:2:1-17:12
MERGED from [com.liulishuo.filedownloader:library:1.4.1] AndroidManifest.xml:2:1-18:12
MERGED from [com.android.support:animated-vector-drawable:26.1.0] AndroidManifest.xml:17:1-28:12
MERGED from [com.android.support:support-vector-drawable:26.1.0] AndroidManifest.xml:17:1-28:12
MERGED from [com.android.support:support-fragment:26.1.0] AndroidManifest.xml:17:1-31:12
MERGED from [com.android.support:support-core-ui:26.1.0] AndroidManifest.xml:17:1-31:12
MERGED from [com.android.support:support-media-compat:26.1.0] AndroidManifest.xml:17:1-31:12
MERGED from [com.android.support:support-core-utils:26.1.0] AndroidManifest.xml:17:1-31:12
MERGED from [com.android.support:support-compat:26.1.0] AndroidManifest.xml:17:1-31:12
MERGED from [android.arch.lifecycle:runtime:1.0.0] AndroidManifest.xml:17:1-30:12
INJECTED from src\main\AndroidManifest.xml:2:1-111:12
INJECTED from src\main\AndroidManifest.xml:2:1-111:12
INJECTED from src\main\AndroidManifest.xml:2:1-111:12
	package
		ADDED from src\main\AndroidManifest.xml:3:5-46
		INJECTED from src\main\AndroidManifest.xml
		INJECTED from src\main\AndroidManifest.xml
	android:versionName
		INJECTED from src\main\AndroidManifest.xml
		ADDED from src\main\AndroidManifest.xml:2:1-111:12
		INJECTED from src\main\AndroidManifest.xml
	android:versionCode
		INJECTED from src\main\AndroidManifest.xml
		ADDED from src\main\AndroidManifest.xml:2:1-111:12
		INJECTED from src\main\AndroidManifest.xml
	xmlns:android
		ADDED from src\main\AndroidManifest.xml:2:11-69
uses-permission#android.permission.INTERNET
ADDED from src\main\AndroidManifest.xml:5:5-67
MERGED from [:AliyunRecorder:record_demo] AndroidManifest.xml:20:5-67
MERGED from [:AliyunRecorder:record_demo] AndroidManifest.xml:20:5-67
MERGED from [:AliyunEditor:editor_demo] AndroidManifest.xml:11:5-67
MERGED from [:AliyunEditor:editor_demo] AndroidManifest.xml:11:5-67
MERGED from [:AliyunFileDownLoader:downloadermanager] AndroidManifest.xml:11:5-67
MERGED from [:AliyunFileDownLoader:downloadermanager] AndroidManifest.xml:11:5-67
MERGED from [com.aliyun.dpa:oss-android-sdk:2.4.5] AndroidManifest.xml:11:5-67
MERGED from [com.aliyun.dpa:oss-android-sdk:2.4.5] AndroidManifest.xml:11:5-67
	android:name
		ADDED from src\main\AndroidManifest.xml:5:22-64
uses-permission#android.permission.VIBRATE
ADDED from src\main\AndroidManifest.xml:6:5-66
	android:name
		ADDED from src\main\AndroidManifest.xml:6:22-63
uses-permission#android.permission.RECORD_AUDIO
ADDED from src\main\AndroidManifest.xml:7:5-71
MERGED from [:AliyunRecorder:record_demo] AndroidManifest.xml:14:5-71
MERGED from [:AliyunRecorder:record_demo] AndroidManifest.xml:14:5-71
	android:name
		ADDED from src\main\AndroidManifest.xml:7:22-68
uses-permission#android.permission.CAMERA
ADDED from src\main\AndroidManifest.xml:8:5-65
MERGED from [:AliyunRecorder:record_demo] AndroidManifest.xml:12:5-65
MERGED from [:AliyunRecorder:record_demo] AndroidManifest.xml:12:5-65
	android:name
		ADDED from src\main\AndroidManifest.xml:8:22-62
uses-permission#android.permission.ACCESS_NETWORK_STATE
ADDED from src\main\AndroidManifest.xml:9:5-79
MERGED from [:AliyunRecorder:record_demo] AndroidManifest.xml:21:5-79
MERGED from [:AliyunRecorder:record_demo] AndroidManifest.xml:21:5-79
MERGED from [com.aliyun.dpa:oss-android-sdk:2.4.5] AndroidManifest.xml:12:5-79
MERGED from [com.aliyun.dpa:oss-android-sdk:2.4.5] AndroidManifest.xml:12:5-79
	android:name
		ADDED from src\main\AndroidManifest.xml:9:22-76
uses-permission#android.permission.WRITE_EXTERNAL_STORAGE
ADDED from src\main\AndroidManifest.xml:11:5-81
MERGED from [:AliyunRecorder:record_demo] AndroidManifest.xml:13:5-81
MERGED from [:AliyunRecorder:record_demo] AndroidManifest.xml:13:5-81
MERGED from [:AliyunEditor:editor_demo] AndroidManifest.xml:12:5-81
MERGED from [:AliyunEditor:editor_demo] AndroidManifest.xml:12:5-81
MERGED from [:AliyunFileDownLoader:downloadermanager] AndroidManifest.xml:15:5-81
MERGED from [:AliyunFileDownLoader:downloadermanager] AndroidManifest.xml:15:5-81
MERGED from [com.aliyun.dpa:oss-android-sdk:2.4.5] AndroidManifest.xml:14:5-81
MERGED from [com.aliyun.dpa:oss-android-sdk:2.4.5] AndroidManifest.xml:14:5-81
MERGED from [com.squareup.leakcanary:leakcanary-android:1.5] AndroidManifest.xml:26:5-81
MERGED from [com.squareup.leakcanary:leakcanary-android:1.5] AndroidManifest.xml:26:5-81
	android:name
		ADDED from src\main\AndroidManifest.xml:11:22-78
uses-permission#android.permission.ACCESS_FINE_LOCATION
ADDED from src\main\AndroidManifest.xml:12:5-79
	android:name
		ADDED from src\main\AndroidManifest.xml:12:22-76
uses-permission#android.permission.GET_TASKS
ADDED from src\main\AndroidManifest.xml:13:5-68
	android:name
		ADDED from src\main\AndroidManifest.xml:13:22-65
uses-permission#android.permission.ACCESS_WIFI_STATE
ADDED from src\main\AndroidManifest.xml:14:5-76
MERGED from [com.aliyun.dpa:oss-android-sdk:2.4.5] AndroidManifest.xml:13:5-76
MERGED from [com.aliyun.dpa:oss-android-sdk:2.4.5] AndroidManifest.xml:13:5-76
	android:name
		ADDED from src\main\AndroidManifest.xml:14:22-73
uses-permission#android.permission.CHANGE_WIFI_STATE
ADDED from src\main\AndroidManifest.xml:15:5-76
MERGED from [com.aliyun.dpa:oss-android-sdk:2.4.5] AndroidManifest.xml:15:5-76
MERGED from [com.aliyun.dpa:oss-android-sdk:2.4.5] AndroidManifest.xml:15:5-76
	android:name
		ADDED from src\main\AndroidManifest.xml:15:22-73
uses-permission#android.permission.WAKE_LOCK
ADDED from src\main\AndroidManifest.xml:16:5-68
	android:name
		ADDED from src\main\AndroidManifest.xml:16:22-65
uses-permission#android.permission.MODIFY_AUDIO_SETTINGS
ADDED from src\main\AndroidManifest.xml:17:5-80
	android:name
		ADDED from src\main\AndroidManifest.xml:17:22-77
uses-permission#android.permission.READ_PHONE_STATE
ADDED from src\main\AndroidManifest.xml:18:5-75
	android:name
		ADDED from src\main\AndroidManifest.xml:18:22-72
uses-permission#android.permission.RECEIVE_BOOT_COMPLETED
ADDED from src\main\AndroidManifest.xml:19:5-81
	android:name
		ADDED from src\main\AndroidManifest.xml:19:22-78
uses-permission#android.permission.READ_EXTERNAL_STORAGE
ADDED from src\main\AndroidManifest.xml:20:5-80
MERGED from [:AliyunEditor:editor_demo] AndroidManifest.xml:13:5-80
MERGED from [:AliyunEditor:editor_demo] AndroidManifest.xml:13:5-80
MERGED from [:AliyunFileDownLoader:downloadermanager] AndroidManifest.xml:17:5-80
MERGED from [:AliyunFileDownLoader:downloadermanager] AndroidManifest.xml:17:5-80
MERGED from [com.squareup.leakcanary:leakcanary-android:1.5] AndroidManifest.xml:25:5-80
MERGED from [com.squareup.leakcanary:leakcanary-android:1.5] AndroidManifest.xml:25:5-80
	android:name
		ADDED from src\main\AndroidManifest.xml:20:22-77
uses-permission#android.permission.BLUETOOTH
ADDED from src\main\AndroidManifest.xml:21:5-68
	android:name
		ADDED from src\main\AndroidManifest.xml:21:22-65
uses-permission#android.permission.SYSTEM_ALERT_WINDOW
ADDED from src\main\AndroidManifest.xml:22:5-78
	android:name
		ADDED from src\main\AndroidManifest.xml:22:22-75
uses-permission#android.permission.ACCESS_COARSE_LOCATION
ADDED from src\main\AndroidManifest.xml:23:5-81
	android:name
		ADDED from src\main\AndroidManifest.xml:23:22-78
uses-permission#android.permission.WRITE_SETTINGS
ADDED from src\main\AndroidManifest.xml:24:5-73
	android:name
		ADDED from src\main\AndroidManifest.xml:24:22-70
application
ADDED from src\main\AndroidManifest.xml:26:5-109:19
MERGED from [:AliyunRecorder:record_demo] AndroidManifest.xml:23:5-70:19
MERGED from [:AliyunRecorder:record_demo] AndroidManifest.xml:23:5-70:19
MERGED from [:AliyunEditor:editor_demo] AndroidManifest.xml:15:5-103:19
MERGED from [:AliyunEditor:editor_demo] AndroidManifest.xml:15:5-103:19
MERGED from [:AliyunImport:import_demo] AndroidManifest.xml:11:5-30:19
MERGED from [:AliyunImport:import_demo] AndroidManifest.xml:11:5-30:19
MERGED from [:AliyunCrop:crop_demo] AndroidManifest.xml:12:5-46:19
MERGED from [:AliyunCrop:crop_demo] AndroidManifest.xml:12:5-46:19
MERGED from [:AliyunFileDownLoader:downloadermanager] AndroidManifest.xml:19:5-23:19
MERGED from [:AliyunFileDownLoader:downloadermanager] AndroidManifest.xml:19:5-23:19
MERGED from [:AliyunView] AndroidManifest.xml:11:5-14:19
MERGED from [:AliyunView] AndroidManifest.xml:11:5-14:19
MERGED from [:AliyunHelp] AndroidManifest.xml:11:5-27:19
MERGED from [:AliyunHelp] AndroidManifest.xml:11:5-27:19
MERGED from [:AliyunResample] AndroidManifest.xml:11:5-15:19
MERGED from [:AliyunResample] AndroidManifest.xml:11:5-15:19
MERGED from [com.android.support.constraint:constraint-layout:1.1.2] AndroidManifest.xml:9:5-20
MERGED from [com.android.support.constraint:constraint-layout:1.1.2] AndroidManifest.xml:9:5-20
MERGED from [pub.devrel:easypermissions:0.2.1] AndroidManifest.xml:12:5-20
MERGED from [pub.devrel:easypermissions:0.2.1] AndroidManifest.xml:12:5-20
MERGED from [com.android.support:design:24.2.1] AndroidManifest.xml:22:5-20
MERGED from [com.android.support:design:24.2.1] AndroidManifest.xml:22:5-20
MERGED from [com.android.support:appcompat-v7:26.1.0] AndroidManifest.xml:25:5-29:19
MERGED from [com.android.support:appcompat-v7:26.1.0] AndroidManifest.xml:25:5-29:19
MERGED from [com.android.support:support-v4:26.1.0] AndroidManifest.xml:25:5-29:19
MERGED from [com.android.support:support-v4:26.1.0] AndroidManifest.xml:25:5-29:19
MERGED from [com.android.support:recyclerview-v7:26.1.0] AndroidManifest.xml:22:5-26:19
MERGED from [com.android.support:recyclerview-v7:26.1.0] AndroidManifest.xml:22:5-26:19
MERGED from [com.aliyun.dpa:oss-android-sdk:2.4.5] AndroidManifest.xml:17:5-20:19
MERGED from [com.aliyun.dpa:oss-android-sdk:2.4.5] AndroidManifest.xml:17:5-20:19
MERGED from [com.squareup.leakcanary:leakcanary-android:1.5] AndroidManifest.xml:28:5-57:19
MERGED from [com.squareup.leakcanary:leakcanary-android:1.5] AndroidManifest.xml:28:5-57:19
MERGED from [:AliyunVideoSdk] AndroidManifest.xml:11:5-16:19
MERGED from [:AliyunVideoSdk] AndroidManifest.xml:11:5-16:19
MERGED from [com.github.bumptech.glide:okhttp3-integration:1.4.0] AndroidManifest.xml:11:5-15:19
MERGED from [com.github.bumptech.glide:okhttp3-integration:1.4.0] AndroidManifest.xml:11:5-15:19
MERGED from [com.liulishuo.filedownloader:library:1.4.1] AndroidManifest.xml:11:5-16:19
MERGED from [com.liulishuo.filedownloader:library:1.4.1] AndroidManifest.xml:11:5-16:19
MERGED from [com.android.support:animated-vector-drawable:26.1.0] AndroidManifest.xml:22:5-26:19
MERGED from [com.android.support:animated-vector-drawable:26.1.0] AndroidManifest.xml:22:5-26:19
MERGED from [com.android.support:support-vector-drawable:26.1.0] AndroidManifest.xml:22:5-26:19
MERGED from [com.android.support:support-vector-drawable:26.1.0] AndroidManifest.xml:22:5-26:19
MERGED from [com.android.support:support-fragment:26.1.0] AndroidManifest.xml:25:5-29:19
MERGED from [com.android.support:support-fragment:26.1.0] AndroidManifest.xml:25:5-29:19
MERGED from [com.android.support:support-core-ui:26.1.0] AndroidManifest.xml:25:5-29:19
MERGED from [com.android.support:support-core-ui:26.1.0] AndroidManifest.xml:25:5-29:19
MERGED from [com.android.support:support-media-compat:26.1.0] AndroidManifest.xml:25:5-29:19
MERGED from [com.android.support:support-media-compat:26.1.0] AndroidManifest.xml:25:5-29:19
MERGED from [com.android.support:support-core-utils:26.1.0] AndroidManifest.xml:25:5-29:19
MERGED from [com.android.support:support-core-utils:26.1.0] AndroidManifest.xml:25:5-29:19
MERGED from [com.android.support:support-compat:26.1.0] AndroidManifest.xml:25:5-29:19
MERGED from [com.android.support:support-compat:26.1.0] AndroidManifest.xml:25:5-29:19
MERGED from [android.arch.lifecycle:runtime:1.0.0] AndroidManifest.xml:24:5-28:19
MERGED from [android.arch.lifecycle:runtime:1.0.0] AndroidManifest.xml:24:5-28:19
	android:supportsRtl
		ADDED from src\main\AndroidManifest.xml:31:9-35
	android:label
		ADDED from src\main\AndroidManifest.xml:30:9-41
	android:icon
		ADDED from src\main\AndroidManifest.xml:29:9-36
	android:allowBackup
		ADDED from src\main\AndroidManifest.xml:28:9-35
	android:theme
		ADDED from src\main\AndroidManifest.xml:32:9-40
	android:name
		ADDED from src\main\AndroidManifest.xml:27:9-80
activity#com.blochchain.shortvideorecord.activity.SplashActivity
ADDED from src\main\AndroidManifest.xml:33:9-42:20
	android:screenOrientation
		ADDED from src\main\AndroidManifest.xml:36:13-49
	android:windowSoftInputMode
		ADDED from src\main\AndroidManifest.xml:37:13-64
	android:configChanges
		ADDED from src\main\AndroidManifest.xml:35:13-48
	android:name
		ADDED from src\main\AndroidManifest.xml:34:13-83
intent-filter#android.intent.action.MAIN+android.intent.category.LAUNCHER
ADDED from src\main\AndroidManifest.xml:38:14-41:30
action#android.intent.action.MAIN
ADDED from src\main\AndroidManifest.xml:39:14-66
	android:name
		ADDED from src\main\AndroidManifest.xml:39:22-63
category#android.intent.category.LAUNCHER
ADDED from src\main\AndroidManifest.xml:40:14-74
	android:name
		ADDED from src\main\AndroidManifest.xml:40:24-71
activity#com.blochchain.shortvideorecord.activity.MainActivity
ADDED from src\main\AndroidManifest.xml:43:9-52:20
	android:screenOrientation
		ADDED from src\main\AndroidManifest.xml:46:13-49
	android:launchMode
		ADDED from src\main\AndroidManifest.xml:45:13-43
	android:theme
		ADDED from src\main\AndroidManifest.xml:47:13-63
	android:name
		ADDED from src\main\AndroidManifest.xml:44:13-81
intent-filter#android.intent.category.DEFAULT+com.aliyun.alivcsolution.main
ADDED from src\main\AndroidManifest.xml:48:13-51:29
action#com.aliyun.alivcsolution.main
ADDED from src\main\AndroidManifest.xml:49:17-72
	android:name
		ADDED from src\main\AndroidManifest.xml:49:25-69
category#android.intent.category.DEFAULT
ADDED from src\main\AndroidManifest.xml:50:17-76
	android:name
		ADDED from src\main\AndroidManifest.xml:50:27-73
activity#com.blochchain.shortvideorecord.activity.DemoActivity
ADDED from src\main\AndroidManifest.xml:53:9-56:52
	android:screenOrientation
		ADDED from src\main\AndroidManifest.xml:56:13-49
	android:launchMode
		ADDED from src\main\AndroidManifest.xml:55:13-43
	android:name
		ADDED from src\main\AndroidManifest.xml:54:13-81
activity#com.blochchain.shortvideorecord.activity.RecordActivity
ADDED from src\main\AndroidManifest.xml:57:9-59:52
	android:screenOrientation
		ADDED from src\main\AndroidManifest.xml:59:13-49
	android:name
		ADDED from src\main\AndroidManifest.xml:58:13-83
activity#com.blochchain.shortvideorecord.activity.Main2Activity
ADDED from src\main\AndroidManifest.xml:60:9-65:20
	android:name
		ADDED from src\main\AndroidManifest.xml:60:19-88
activity#com.blochchain.shortvideorecord.activity.LoginActivity
ADDED from src\main\AndroidManifest.xml:66:9-71:20
	android:name
		ADDED from src\main\AndroidManifest.xml:66:19-88
activity#com.blochchain.shortvideorecord.activity.FansPortraitActivity
ADDED from src\main\AndroidManifest.xml:72:9-98
	android:name
		ADDED from src\main\AndroidManifest.xml:72:19-95
activity#com.blochchain.shortvideorecord.activity.PlayDataActivity
ADDED from src\main\AndroidManifest.xml:73:9-94
	android:name
		ADDED from src\main\AndroidManifest.xml:73:19-91
activity#com.blochchain.shortvideorecord.activity.IncomeDetailActivity
ADDED from src\main\AndroidManifest.xml:74:9-98
	android:name
		ADDED from src\main\AndroidManifest.xml:74:19-95
activity#com.blochchain.shortvideorecord.activity.WithdrawActivity
ADDED from src\main\AndroidManifest.xml:75:9-94
	android:name
		ADDED from src\main\AndroidManifest.xml:75:19-91
activity#com.blochchain.shortvideorecord.activity.OperationSuccessActivity
ADDED from src\main\AndroidManifest.xml:76:9-102
	android:name
		ADDED from src\main\AndroidManifest.xml:76:19-99
activity#com.blochchain.shortvideorecord.activity.WithdrawDetailActivity
ADDED from src\main\AndroidManifest.xml:77:9-100
	android:name
		ADDED from src\main\AndroidManifest.xml:77:19-97
activity#com.blochchain.shortvideorecord.activity.WithdrawDetailResultActivity
ADDED from src\main\AndroidManifest.xml:78:9-106
	android:name
		ADDED from src\main\AndroidManifest.xml:78:19-103
activity#com.blochchain.shortvideorecord.activity.EditVideoActivity
ADDED from src\main\AndroidManifest.xml:79:9-95
	android:name
		ADDED from src\main\AndroidManifest.xml:79:19-92
activity#com.blochchain.shortvideorecord.activity.MediaAuthenticationActivity
ADDED from src\main\AndroidManifest.xml:80:9-105
	android:name
		ADDED from src\main\AndroidManifest.xml:80:19-102
activity#com.blochchain.shortvideorecord.activity.PerfectInformationActivity
ADDED from src\main\AndroidManifest.xml:81:9-85:67
	android:screenOrientation
		ADDED from src\main\AndroidManifest.xml:84:13-49
	android:windowSoftInputMode
		ADDED from src\main\AndroidManifest.xml:85:13-64
	android:configChanges
		ADDED from src\main\AndroidManifest.xml:83:13-48
	android:name
		ADDED from src\main\AndroidManifest.xml:82:13-95
activity#com.blochchain.shortvideorecord.activity.MyInfromationActivity
ADDED from src\main\AndroidManifest.xml:86:9-90:67
	android:screenOrientation
		ADDED from src\main\AndroidManifest.xml:89:13-49
	android:windowSoftInputMode
		ADDED from src\main\AndroidManifest.xml:90:13-64
	android:configChanges
		ADDED from src\main\AndroidManifest.xml:88:13-48
	android:name
		ADDED from src\main\AndroidManifest.xml:87:13-90
activity#com.blochchain.shortvideorecord.activity.MyBankCardActivity
ADDED from src\main\AndroidManifest.xml:91:9-96
	android:name
		ADDED from src\main\AndroidManifest.xml:91:19-93
activity#com.blochchain.shortvideorecord.activity.SystemSettingActivity
ADDED from src\main\AndroidManifest.xml:92:9-99
	android:name
		ADDED from src\main\AndroidManifest.xml:92:19-96
activity#com.blochchain.shortvideorecord.activity.ChangePhoneActivity
ADDED from src\main\AndroidManifest.xml:93:9-97
	android:name
		ADDED from src\main\AndroidManifest.xml:93:19-94
activity#com.blochchain.shortvideorecord.activity.HelpCenterActivity
ADDED from src\main\AndroidManifest.xml:94:9-96
	android:name
		ADDED from src\main\AndroidManifest.xml:94:19-93
activity#com.blochchain.shortvideorecord.activity.MessageActivity
ADDED from src\main\AndroidManifest.xml:95:9-93
	android:name
		ADDED from src\main\AndroidManifest.xml:95:19-90
activity#com.blochchain.shortvideorecord.activity.MessageFansActivity
ADDED from src\main\AndroidManifest.xml:96:9-97
	android:name
		ADDED from src\main\AndroidManifest.xml:96:19-94
activity#com.blochchain.shortvideorecord.activity.UploadActivity
ADDED from src\main\AndroidManifest.xml:97:9-91
	android:name
		ADDED from src\main\AndroidManifest.xml:97:19-89
activity#com.blochchain.shortvideorecord.activity.MessageDetailActivity
ADDED from src\main\AndroidManifest.xml:98:9-98
	android:name
		ADDED from src\main\AndroidManifest.xml:98:19-96
uses-sdk
INJECTED from src\main\AndroidManifest.xml reason: use-sdk injection requested
INJECTED from src\main\AndroidManifest.xml
INJECTED from src\main\AndroidManifest.xml
MERGED from [:AliyunRecorder:record_demo] AndroidManifest.xml:8:5-10:41
MERGED from [:AliyunRecorder:record_demo] AndroidManifest.xml:8:5-10:41
MERGED from [:AliyunEditor:editor_demo] AndroidManifest.xml:7:5-9:41
MERGED from [:AliyunEditor:editor_demo] AndroidManifest.xml:7:5-9:41
MERGED from [:AliyunImport:import_demo] AndroidManifest.xml:7:5-9:41
MERGED from [:AliyunImport:import_demo] AndroidManifest.xml:7:5-9:41
MERGED from [:AliyunCrop:crop_demo] AndroidManifest.xml:8:5-10:41
MERGED from [:AliyunCrop:crop_demo] AndroidManifest.xml:8:5-10:41
MERGED from [:AliyunFileDownLoader:downloadermanager] AndroidManifest.xml:7:5-9:41
MERGED from [:AliyunFileDownLoader:downloadermanager] AndroidManifest.xml:7:5-9:41
MERGED from [:AliyunView] AndroidManifest.xml:7:5-9:41
MERGED from [:AliyunView] AndroidManifest.xml:7:5-9:41
MERGED from [:AliyunHelp] AndroidManifest.xml:7:5-9:41
MERGED from [:AliyunHelp] AndroidManifest.xml:7:5-9:41
MERGED from [:AliyunResample] AndroidManifest.xml:7:5-9:41
MERGED from [:AliyunResample] AndroidManifest.xml:7:5-9:41
MERGED from [com.tencent.bugly:crashreport:2.8.6.0] AndroidManifest.xml:5:5-7:41
MERGED from [com.tencent.bugly:crashreport:2.8.6.0] AndroidManifest.xml:5:5-7:41
MERGED from [com.android.support.constraint:constraint-layout:1.1.2] AndroidManifest.xml:5:5-7:41
MERGED from [com.android.support.constraint:constraint-layout:1.1.2] AndroidManifest.xml:5:5-7:41
MERGED from [pub.devrel:easypermissions:0.2.1] AndroidManifest.xml:8:5-10:41
MERGED from [pub.devrel:easypermissions:0.2.1] AndroidManifest.xml:8:5-10:41
MERGED from [com.android.support:design:24.2.1] AndroidManifest.xml:20:5-43
MERGED from [com.android.support:design:24.2.1] AndroidManifest.xml:20:5-43
MERGED from [com.android.support:appcompat-v7:26.1.0] AndroidManifest.xml:21:5-23:78
MERGED from [com.android.support:appcompat-v7:26.1.0] AndroidManifest.xml:21:5-23:78
MERGED from [com.android.support:support-v4:26.1.0] AndroidManifest.xml:21:5-23:54
MERGED from [com.android.support:support-v4:26.1.0] AndroidManifest.xml:21:5-23:54
MERGED from [com.android.support:recyclerview-v7:26.1.0] AndroidManifest.xml:20:5-44
MERGED from [com.android.support:recyclerview-v7:26.1.0] AndroidManifest.xml:20:5-44
MERGED from [com.android.support:multidex:1.0.2] AndroidManifest.xml:20:5-43
MERGED from [com.android.support:multidex:1.0.2] AndroidManifest.xml:20:5-43
MERGED from [com.aliyun.dpa:oss-android-sdk:2.4.5] AndroidManifest.xml:7:5-9:41
MERGED from [com.aliyun.dpa:oss-android-sdk:2.4.5] AndroidManifest.xml:7:5-9:41
MERGED from [com.squareup.leakcanary:leakcanary-android:1.5] AndroidManifest.xml:20:5-22:41
MERGED from [com.squareup.leakcanary:leakcanary-android:1.5] AndroidManifest.xml:20:5-22:41
MERGED from [:AliyunVideoSdk] AndroidManifest.xml:7:5-9:41
MERGED from [:AliyunVideoSdk] AndroidManifest.xml:7:5-9:41
MERGED from [com.github.bumptech.glide:okhttp3-integration:1.4.0] AndroidManifest.xml:7:5-9:41
MERGED from [com.github.bumptech.glide:okhttp3-integration:1.4.0] AndroidManifest.xml:7:5-9:41
MERGED from [com.liulishuo.filedownloader:library:1.4.1] AndroidManifest.xml:7:5-9:41
MERGED from [com.liulishuo.filedownloader:library:1.4.1] AndroidManifest.xml:7:5-9:41
MERGED from [com.android.support:animated-vector-drawable:26.1.0] AndroidManifest.xml:20:5-44
MERGED from [com.android.support:animated-vector-drawable:26.1.0] AndroidManifest.xml:20:5-44
MERGED from [com.android.support:support-vector-drawable:26.1.0] AndroidManifest.xml:20:5-44
MERGED from [com.android.support:support-vector-drawable:26.1.0] AndroidManifest.xml:20:5-44
MERGED from [com.android.support:support-fragment:26.1.0] AndroidManifest.xml:21:5-23:60
MERGED from [com.android.support:support-fragment:26.1.0] AndroidManifest.xml:21:5-23:60
MERGED from [com.android.support:support-core-ui:26.1.0] AndroidManifest.xml:21:5-23:58
MERGED from [com.android.support:support-core-ui:26.1.0] AndroidManifest.xml:21:5-23:58
MERGED from [com.android.support:support-media-compat:26.1.0] AndroidManifest.xml:21:5-23:63
MERGED from [com.android.support:support-media-compat:26.1.0] AndroidManifest.xml:21:5-23:63
MERGED from [com.android.support:support-core-utils:26.1.0] AndroidManifest.xml:21:5-23:61
MERGED from [com.android.support:support-core-utils:26.1.0] AndroidManifest.xml:21:5-23:61
MERGED from [com.android.support:support-compat:26.1.0] AndroidManifest.xml:21:5-23:58
MERGED from [com.android.support:support-compat:26.1.0] AndroidManifest.xml:21:5-23:58
MERGED from [android.arch.lifecycle:runtime:1.0.0] AndroidManifest.xml:20:5-22:41
MERGED from [android.arch.lifecycle:runtime:1.0.0] AndroidManifest.xml:20:5-22:41
INJECTED from src\main\AndroidManifest.xml
INJECTED from src\main\AndroidManifest.xml
	tools:overrideLibrary
		ADDED from [com.android.support:appcompat-v7:26.1.0] AndroidManifest.xml:23:9-75
	android:targetSdkVersion
		INJECTED from src\main\AndroidManifest.xml
		ADDED from src\main\AndroidManifest.xml
		INJECTED from src\main\AndroidManifest.xml
	android:minSdkVersion
		INJECTED from src\main\AndroidManifest.xml
		ADDED from src\main\AndroidManifest.xml
		INJECTED from src\main\AndroidManifest.xml
meta-data#android.support.FILE_PROVIDER_PATHS
ADDED from src\main\AndroidManifest.xml:105:13-107:57
	android:resource
		ADDED from src\main\AndroidManifest.xml:107:17-55
	android:name
		ADDED from src\main\AndroidManifest.xml:106:17-67
uses-feature#0x00020000
ADDED from [:AliyunRecorder:record_demo] AndroidManifest.xml:16:5-18:35
	android:glEsVersion
		ADDED from [:AliyunRecorder:record_demo] AndroidManifest.xml:17:9-41
	android:required
		ADDED from [:AliyunRecorder:record_demo] AndroidManifest.xml:18:9-32
activity#com.aliyun.demo.recorder.CameraDemo
ADDED from [:AliyunRecorder:record_demo] AndroidManifest.xml:24:9-33:20
	android:screenOrientation
		ADDED from [:AliyunRecorder:record_demo] AndroidManifest.xml:26:13-49
	android:theme
		ADDED from [:AliyunRecorder:record_demo] AndroidManifest.xml:27:13-66
	android:name
		ADDED from [:AliyunRecorder:record_demo] AndroidManifest.xml:25:13-63
intent-filter#android.intent.category.DEFAULT+com.duanqu.qupai.action.camera
ADDED from [:AliyunRecorder:record_demo] AndroidManifest.xml:28:13-32:29
action#com.duanqu.qupai.action.camera
ADDED from [:AliyunRecorder:record_demo] AndroidManifest.xml:29:17-73
	android:name
		ADDED from [:AliyunRecorder:record_demo] AndroidManifest.xml:29:25-70
activity#com.aliyun.demo.recorder.RecorderSettingTest
ADDED from [:AliyunRecorder:record_demo] AndroidManifest.xml:34:9-42:20
	android:screenOrientation
		ADDED from [:AliyunRecorder:record_demo] AndroidManifest.xml:36:13-49
	android:name
		ADDED from [:AliyunRecorder:record_demo] AndroidManifest.xml:35:13-72
intent-filter#android.intent.category.DEFAULT+com.duanqu.qupai.action.recorder.setting
ADDED from [:AliyunRecorder:record_demo] AndroidManifest.xml:37:13-41:29
action#com.duanqu.qupai.action.recorder.setting
ADDED from [:AliyunRecorder:record_demo] AndroidManifest.xml:38:17-83
	android:name
		ADDED from [:AliyunRecorder:record_demo] AndroidManifest.xml:38:25-80
activity#com.aliyun.demo.recorder.VideoPlayActivity
ADDED from [:AliyunRecorder:record_demo] AndroidManifest.xml:43:9-47:20
	android:screenOrientation
		ADDED from [:AliyunRecorder:record_demo] AndroidManifest.xml:45:13-49
	android:theme
		ADDED from [:AliyunRecorder:record_demo] AndroidManifest.xml:46:13-66
	android:name
		ADDED from [:AliyunRecorder:record_demo] AndroidManifest.xml:44:13-70
activity#com.aliyun.demo.recorder.MusicActivity
ADDED from [:AliyunRecorder:record_demo] AndroidManifest.xml:48:9-51:20
	android:screenOrientation
		ADDED from [:AliyunRecorder:record_demo] AndroidManifest.xml:50:13-49
	android:name
		ADDED from [:AliyunRecorder:record_demo] AndroidManifest.xml:49:13-66
activity#com.aliyun.demo.recorder.AliyunVideoRecorder
ADDED from [:AliyunRecorder:record_demo] AndroidManifest.xml:52:9-62:20
	android:screenOrientation
		ADDED from [:AliyunRecorder:record_demo] AndroidManifest.xml:54:13-49
	android:theme
		ADDED from [:AliyunRecorder:record_demo] AndroidManifest.xml:55:13-55
	tools:replace
		ADDED from [:AliyunRecorder:record_demo] AndroidManifest.xml:56:13-42
	android:name
		ADDED from [:AliyunRecorder:record_demo] AndroidManifest.xml:53:13-72
intent-filter#android.intent.category.DEFAULT+com.duanqu.qupai.action.recorder
ADDED from [:AliyunRecorder:record_demo] AndroidManifest.xml:57:13-61:29
action#com.duanqu.qupai.action.recorder
ADDED from [:AliyunRecorder:record_demo] AndroidManifest.xml:58:17-75
	android:name
		ADDED from [:AliyunRecorder:record_demo] AndroidManifest.xml:58:25-72
activity#com.aliyun.demo.editor.EditorActivity
ADDED from [:AliyunEditor:editor_demo] AndroidManifest.xml:16:9-34:20
	android:screenOrientation